\BOOKMARK [0][-]{chapter.1}{\376\377\000E\000s\000p\000a\000c\000i\000o\000s\000\040\000m\000\351\000t\000r\000i\000c\000o\000s}{}% 1
\BOOKMARK [1][-]{section.1.1}{\376\377\000A\000l\000g\000u\000n\000o\000s\000\040\000e\000j\000e\000r\000c\000i\000c\000i\000o\000s\000\040\000a\000l\000\040\000l\000e\000c\000t\000o\000r\000:\000\040}{chapter.1}% 2
\BOOKMARK [1][-]{section.1.2}{\376\377\000Q\000u\000i\000z\000\040\0004\000:}{chapter.1}% 3
\BOOKMARK [1][-]{section.1.3}{\376\377\000Q\000u\000i\000z\000\040\0005\000:\000\040}{chapter.1}% 4
\BOOKMARK [1][-]{section.1.4}{\376\377\000E\000j\000e\000r\000c\000i\000c\000i\000o\000s\000\040\000a\000d\000i\000c\000i\000o\000n\000a\000l\000e\000s\000.}{chapter.1}% 5
\BOOKMARK [1][-]{section.1.5}{\376\377\000E\000l\000\040\000c\000o\000n\000j\000u\000n\000t\000o\000\040\000d\000e\000\040\000C\000a\000n\000t\000o\000r\000\040\046\040\046\040\046\040\046\040\046\040}{chapter.1}% 6
\BOOKMARK [1][-]{section.1.6}{\376\377\000S\000u\000c\000e\000s\000i\000o\000n\000e\000s\000\040\046\040\046\040\046\040\046\040\046\040}{chapter.1}% 7
\BOOKMARK [2][-]{subsection.1.6.1}{\376\377\000A\000l\000g\000u\000n\000o\000s\000\040\000e\000j\000e\000r\000c\000i\000c\000i\000o\000s\000\040\000a\000l\000\040\000l\000e\000c\000t\000o\000r\000:}{section.1.6}% 8
\BOOKMARK [2][-]{subsection.1.6.2}{\376\377\000L\000\355\000m\000i\000t\000e\000\040\000s\000u\000p\000e\000r\000i\000o\000r\000\040\000y\000\040\000l\000\355\000m\000i\000t\000e\000\040\000i\000n\000f\000e\000r\000i\000o\000r\000:}{section.1.6}% 9
\BOOKMARK [1][-]{section.1.7}{\376\377\000Q\000u\000i\000z\000\040\0006\000:}{chapter.1}% 10
\BOOKMARK [1][-]{section.1.8}{\376\377\000C\000o\000m\000p\000l\000e\000t\000e\000z}{chapter.1}% 11
\BOOKMARK [2][-]{subsection.1.8.1}{\376\377\000A\000l\000g\000u\000n\000o\000s\000\040\000e\000j\000e\000r\000c\000i\000c\000i\000o\000s\000\040\000a\000l\000\040\000l\000e\000c\000t\000o\000r}{section.1.8}% 12
\BOOKMARK [1][-]{section.1.9}{\376\377\000Q\000u\000i\000z\000\040\0007\000:}{chapter.1}% 13
\BOOKMARK [1][-]{section.1.10}{\376\377\000C\000o\000m\000p\000a\000c\000i\000d\000a\000d}{chapter.1}% 14
\BOOKMARK [1][-]{section.1.11}{\376\377\000Q\000u\000i\000z\000\040\0008\000:}{chapter.1}% 15
\BOOKMARK [1][-]{section.1.12}{\376\377\000E\000j\000e\000r\000c\000i\000c\000i\000o\000s\000\040\000a\000d\000i\000c\000i\000o\000n\000a\000l\000e\000s\000:}{chapter.1}% 16
\BOOKMARK [1][-]{section.1.13}{\376\377\000C\000o\000n\000e\000x\000i\000d\000a\000d}{chapter.1}% 17
\BOOKMARK [1][-]{section.1.14}{\376\377\000Q\000u\000i\000z\000\040\0009}{chapter.1}% 18
\BOOKMARK [1][-]{section.1.15}{\376\377\000E\000j\000e\000r\000c\000i\000c\000i\000o\000s\000\040\0003\000:}{chapter.1}% 19
\BOOKMARK [0][-]{chapter.2}{\376\377\000F\000u\000n\000c\000i\000o\000n\000e\000s\000\040\000e\000n\000t\000r\000e\000\040\000e\000s\000p\000a\000c\000i\000o\000s\000\040\000m\000\351\000t\000r\000i\000c\000o\000s}{}% 20
\BOOKMARK [1][-]{section.2.1}{\376\377\000F\000u\000n\000c\000i\000o\000n\000e\000s\000\040\000c\000o\000n\000t\000i\000n\000u\000a\000s\000\040\000s\000o\000b\000r\000e\000\040\000e\000s\000p\000a\000c\000i\000o\000s\000\040\000m\000\351\000t\000r\000i\000c\000o\000s}{chapter.2}% 21
\BOOKMARK [1][-]{section.2.2}{\376\377\000Q\000u\000i\000z\000\040\0001\0000}{chapter.2}% 22
\BOOKMARK [1][-]{section.2.3}{\376\377\000F\000u\000n\000c\000i\000o\000n\000e\000s\000\040\000e\000n\000t\000r\000e\000\040\000e\000s\000p\000a\000c\000i\000o\000s\000\040\000m\000\351\000t\000r\000i\000c\000o\000s\000\040\000c\000o\000m\000p\000a\000c\000t\000o\000s}{chapter.2}% 23
\BOOKMARK [1][-]{section.2.4}{\376\377\000Q\000u\000i\000z\000\040\0001\0001\000:}{chapter.2}% 24
\BOOKMARK [1][-]{section.2.5}{\376\377\000H\000o\000m\000e\000o\000m\000o\000r\000f\000i\000s\000m\000o\000s}{chapter.2}% 25
\BOOKMARK [1][-]{section.2.6}{\376\377\000Q\000u\000i\000z\000\040\0001\0002}{chapter.2}% 26
